=====train set is loaded=====
there are 54971 turns in this dataset
<InputExample> label: 1.0, texts: [CONTEXT] train-destination, train-arriveby [SYS] there are over 1,000 trains like that . where will you be departing from ? [USER] i am departing from birmingham new street .; [CONTEXT] train-destination, train-arriveby [SYS] where would you be departing from ? [USER] i'll be leaving birmingham new street on thursday

<InputExample> label: 1.0, texts: [CONTEXT]  [SYS]  [USER] hi , i am looking for a train that is going to cambridge and arriving there by 20:45 , is there anything like that ?; [CONTEXT]  [SYS]  [USER] i would like to find a train that will arrive in cambridge by 19:30 .
=====number of batches 34357=====
{'loss': 1.3916, 'grad_norm': 7.880878925323486, 'learning_rate': 1.9922305959132938e-05, 'epoch': 0.01}
{'loss': 1.1621, 'grad_norm': 6.937539577484131, 'learning_rate': 1.9825188408049105e-05, 'epoch': 0.03}
{'loss': 1.0649, 'grad_norm': 6.622760772705078, 'learning_rate': 1.9728070856965272e-05, 'epoch': 0.04}
{'loss': 1.0388, 'grad_norm': 8.481649398803711, 'learning_rate': 1.963095330588144e-05, 'epoch': 0.06}
{'loss': 0.9809, 'grad_norm': 6.62389612197876, 'learning_rate': 1.9533835754797607e-05, 'epoch': 0.07}
{'loss': 0.9459, 'grad_norm': 7.167381286621094, 'learning_rate': 1.9436718203713774e-05, 'epoch': 0.09}
{'loss': 0.9469, 'grad_norm': 9.107523918151855, 'learning_rate': 1.9339600652629945e-05, 'epoch': 0.1}
{'loss': 0.9255, 'grad_norm': 6.712243556976318, 'learning_rate': 1.9242483101546112e-05, 'epoch': 0.12}
{'loss': 0.8869, 'grad_norm': 7.186892509460449, 'learning_rate': 1.914536555046228e-05, 'epoch': 0.13}
{'loss': 0.8874, 'grad_norm': 8.686542510986328, 'learning_rate': 1.904824799937845e-05, 'epoch': 0.15}
{'loss': 0.8504, 'grad_norm': 7.353074550628662, 'learning_rate': 1.8951130448294618e-05, 'epoch': 0.16}
{'loss': 0.8278, 'grad_norm': 8.303916931152344, 'learning_rate': 1.8854012897210785e-05, 'epoch': 0.17}
{'loss': 0.8584, 'grad_norm': 5.067584037780762, 'learning_rate': 1.8756895346126952e-05, 'epoch': 0.19}
{'loss': 0.7952, 'grad_norm': 7.0340681076049805, 'learning_rate': 1.8659777795043123e-05, 'epoch': 0.2}
{'loss': 0.8086, 'grad_norm': 6.927348613739014, 'learning_rate': 1.856266024395929e-05, 'epoch': 0.22}
{'loss': 0.7797, 'grad_norm': 9.158760070800781, 'learning_rate': 1.8465542692875458e-05, 'epoch': 0.23}
{'loss': 0.7664, 'grad_norm': 5.827335357666016, 'learning_rate': 1.8368425141791625e-05, 'epoch': 0.25}
{'loss': 0.7814, 'grad_norm': 6.890192985534668, 'learning_rate': 1.8271307590707796e-05, 'epoch': 0.26}
{'loss': 0.7554, 'grad_norm': 3.8461251258850098, 'learning_rate': 1.8174190039623963e-05, 'epoch': 0.28}
{'loss': 0.767, 'grad_norm': 5.7599873542785645, 'learning_rate': 1.807707248854013e-05, 'epoch': 0.29}
{'loss': 0.7665, 'grad_norm': 5.7554826736450195, 'learning_rate': 1.7979954937456298e-05, 'epoch': 0.31}
{'loss': 0.7348, 'grad_norm': 5.959066867828369, 'learning_rate': 1.788283738637247e-05, 'epoch': 0.32}
{'eval_evaluator': 1.5603669961878917, 'eval_runtime': 163.7635, 'eval_samples_per_second': 0.0, 'eval_steps_per_second': 0.0, 'epoch': 0.33}
{'loss': 0.7148, 'grad_norm': 6.27265739440918, 'learning_rate': 1.7785719835288636e-05, 'epoch': 0.33}
{'loss': 0.704, 'grad_norm': 5.012773036956787, 'learning_rate': 1.7688602284204803e-05, 'epoch': 0.35}
{'loss': 0.6934, 'grad_norm': 6.548862934112549, 'learning_rate': 1.759148473312097e-05, 'epoch': 0.36}
{'loss': 0.682, 'grad_norm': 3.1359548568725586, 'learning_rate': 1.749436718203714e-05, 'epoch': 0.38}
{'loss': 0.6789, 'grad_norm': 6.067047595977783, 'learning_rate': 1.739724963095331e-05, 'epoch': 0.39}
{'loss': 0.664, 'grad_norm': 6.8954572677612305, 'learning_rate': 1.7300132079869476e-05, 'epoch': 0.41}
{'loss': 0.7108, 'grad_norm': 4.9116315841674805, 'learning_rate': 1.7203014528785643e-05, 'epoch': 0.42}
{'loss': 0.648, 'grad_norm': 7.056585311889648, 'learning_rate': 1.7105896977701814e-05, 'epoch': 0.44}
{'loss': 0.6366, 'grad_norm': 4.573644638061523, 'learning_rate': 1.700877942661798e-05, 'epoch': 0.45}
{'loss': 0.6387, 'grad_norm': 8.41189193725586, 'learning_rate': 1.691166187553415e-05, 'epoch': 0.47}
{'loss': 0.6401, 'grad_norm': 7.8241472244262695, 'learning_rate': 1.6814544324450316e-05, 'epoch': 0.48}
{'loss': 0.6022, 'grad_norm': 5.379981994628906, 'learning_rate': 1.6717426773366486e-05, 'epoch': 0.49}
{'loss': 0.6331, 'grad_norm': 6.83721399307251, 'learning_rate': 1.662030922228265e-05, 'epoch': 0.51}
{'loss': 0.6072, 'grad_norm': 0.0, 'learning_rate': 1.652319167119882e-05, 'epoch': 0.52}
{'loss': 0.6066, 'grad_norm': 5.151950836181641, 'learning_rate': 1.642607412011499e-05, 'epoch': 0.54}
{'loss': 0.5838, 'grad_norm': 6.180716514587402, 'learning_rate': 1.6328956569031156e-05, 'epoch': 0.55}
{'loss': 0.5943, 'grad_norm': 5.07858419418335, 'learning_rate': 1.6231839017947323e-05, 'epoch': 0.57}
{'loss': 0.5764, 'grad_norm': 6.239161014556885, 'learning_rate': 1.6134721466863494e-05, 'epoch': 0.58}
{'loss': 0.5673, 'grad_norm': 4.422919273376465, 'learning_rate': 1.603760391577966e-05, 'epoch': 0.6}
{'loss': 0.5882, 'grad_norm': 5.7126593589782715, 'learning_rate': 1.594048636469583e-05, 'epoch': 0.61}
{'loss': 0.5687, 'grad_norm': 6.263596534729004, 'learning_rate': 1.5843368813611996e-05, 'epoch': 0.63}
{'loss': 0.5405, 'grad_norm': 7.25510835647583, 'learning_rate': 1.5746251262528166e-05, 'epoch': 0.64}
{'loss': 0.5459, 'grad_norm': 7.8706865310668945, 'learning_rate': 1.5649133711444334e-05, 'epoch': 0.65}
{'eval_evaluator': 1.567847127996382, 'eval_runtime': 152.2433, 'eval_samples_per_second': 0.0, 'eval_steps_per_second': 0.0, 'epoch': 0.67}
{'loss': 0.5348, 'grad_norm': 0.0, 'learning_rate': 1.55520161603605e-05, 'epoch': 0.67}
{'loss': 0.5086, 'grad_norm': 7.61266565322876, 'learning_rate': 1.545489860927667e-05, 'epoch': 0.68}
{'loss': 0.512, 'grad_norm': 4.324377059936523, 'learning_rate': 1.535778105819284e-05, 'epoch': 0.7}
{'loss': 0.5032, 'grad_norm': 7.514891147613525, 'learning_rate': 1.5260663507109007e-05, 'epoch': 0.71}
{'loss': 0.4968, 'grad_norm': 5.828993320465088, 'learning_rate': 1.5163545956025174e-05, 'epoch': 0.73}
{'loss': 0.4881, 'grad_norm': 10.948952674865723, 'learning_rate': 1.5066428404941343e-05, 'epoch': 0.74}
{'loss': 0.4932, 'grad_norm': 9.037467002868652, 'learning_rate': 1.496931085385751e-05, 'epoch': 0.76}
{'loss': 0.4691, 'grad_norm': 3.487757444381714, 'learning_rate': 1.487219330277368e-05, 'epoch': 0.77}
{'loss': 0.4745, 'grad_norm': 8.053919792175293, 'learning_rate': 1.4775075751689847e-05, 'epoch': 0.79}
{'loss': 0.4859, 'grad_norm': 5.589271545410156, 'learning_rate': 1.4677958200606016e-05, 'epoch': 0.8}
{'loss': 0.4699, 'grad_norm': 5.546881675720215, 'learning_rate': 1.4580840649522183e-05, 'epoch': 0.81}
{'loss': 0.4553, 'grad_norm': 2.5987844467163086, 'learning_rate': 1.4483723098438352e-05, 'epoch': 0.83}
{'loss': 0.4738, 'grad_norm': 4.62333345413208, 'learning_rate': 1.438660554735452e-05, 'epoch': 0.84}
{'loss': 0.4313, 'grad_norm': 6.692732334136963, 'learning_rate': 1.4289487996270688e-05, 'epoch': 0.86}
{'loss': 0.4534, 'grad_norm': 3.100273370742798, 'learning_rate': 1.4192370445186856e-05, 'epoch': 0.87}
{'loss': 0.4367, 'grad_norm': 4.90153169631958, 'learning_rate': 1.4095252894103025e-05, 'epoch': 0.89}
{'loss': 0.4437, 'grad_norm': 5.382143020629883, 'learning_rate': 1.3998135343019192e-05, 'epoch': 0.9}
{'loss': 0.4094, 'grad_norm': 9.928085327148438, 'learning_rate': 1.3901017791935361e-05, 'epoch': 0.92}
{'loss': 0.4255, 'grad_norm': 7.236382484436035, 'learning_rate': 1.3803900240851528e-05, 'epoch': 0.93}
{'loss': 0.407, 'grad_norm': 5.955810070037842, 'learning_rate': 1.3706782689767697e-05, 'epoch': 0.95}
{'loss': 0.4024, 'grad_norm': 4.322457313537598, 'learning_rate': 1.3609665138683863e-05, 'epoch': 0.96}
{'loss': 0.4357, 'grad_norm': 6.91922664642334, 'learning_rate': 1.3512547587600032e-05, 'epoch': 0.98}
{'loss': 0.3982, 'grad_norm': 6.434492588043213, 'learning_rate': 1.34154300365162e-05, 'epoch': 0.99}
{'eval_evaluator': 1.5497932415842863, 'eval_runtime': 121.7089, 'eval_samples_per_second': 0.0, 'eval_steps_per_second': 0.0, 'epoch': 1.0}
{'loss': 0.4068, 'grad_norm': 2.3892643451690674, 'learning_rate': 1.3318312485432368e-05, 'epoch': 1.0}
{'loss': 0.4078, 'grad_norm': 4.000504493713379, 'learning_rate': 1.3221194934348536e-05, 'epoch': 1.02}
{'loss': 0.3917, 'grad_norm': 3.911860942840576, 'learning_rate': 1.3124077383264705e-05, 'epoch': 1.03}
{'loss': 0.3681, 'grad_norm': 4.3273468017578125, 'learning_rate': 1.3026959832180872e-05, 'epoch': 1.05}
{'loss': 0.3846, 'grad_norm': 2.9519667625427246, 'learning_rate': 1.2929842281097041e-05, 'epoch': 1.06}
{'loss': 0.3698, 'grad_norm': 6.7888641357421875, 'learning_rate': 1.2832724730013208e-05, 'epoch': 1.08}
{'loss': 0.3688, 'grad_norm': 7.113953590393066, 'learning_rate': 1.2735607178929377e-05, 'epoch': 1.09}
{'loss': 0.3592, 'grad_norm': 6.042701721191406, 'learning_rate': 1.2638489627845545e-05, 'epoch': 1.11}
{'loss': 0.3747, 'grad_norm': 0.0, 'learning_rate': 1.2541372076761714e-05, 'epoch': 1.12}
{'loss': 0.369, 'grad_norm': 3.472853660583496, 'learning_rate': 1.2444254525677881e-05, 'epoch': 1.14}
{'loss': 0.3592, 'grad_norm': 9.77518367767334, 'learning_rate': 1.234713697459405e-05, 'epoch': 1.15}
{'loss': 0.3312, 'grad_norm': 5.507789611816406, 'learning_rate': 1.2250019423510217e-05, 'epoch': 1.16}
{'loss': 0.3584, 'grad_norm': 6.7820820808410645, 'learning_rate': 1.2152901872426386e-05, 'epoch': 1.18}
{'loss': 0.3387, 'grad_norm': 4.520469665527344, 'learning_rate': 1.2055784321342554e-05, 'epoch': 1.19}
{'loss': 0.3259, 'grad_norm': 5.254197120666504, 'learning_rate': 1.1958666770258723e-05, 'epoch': 1.21}
{'loss': 0.3393, 'grad_norm': 2.313201665878296, 'learning_rate': 1.186154921917489e-05, 'epoch': 1.22}
{'loss': 0.3277, 'grad_norm': 6.979671001434326, 'learning_rate': 1.1764431668091059e-05, 'epoch': 1.24}
{'loss': 0.3138, 'grad_norm': 0.0, 'learning_rate': 1.1667314117007226e-05, 'epoch': 1.25}
{'loss': 0.3417, 'grad_norm': 12.644898414611816, 'learning_rate': 1.1570196565923395e-05, 'epoch': 1.27}
{'loss': 0.343, 'grad_norm': 3.0368082523345947, 'learning_rate': 1.1473079014839563e-05, 'epoch': 1.28}
{'loss': 0.3251, 'grad_norm': 5.978800296783447, 'learning_rate': 1.1375961463755732e-05, 'epoch': 1.3}
{'loss': 0.3325, 'grad_norm': 9.997486114501953, 'learning_rate': 1.1278843912671899e-05, 'epoch': 1.31}
{'loss': 0.3241, 'grad_norm': 4.466587543487549, 'learning_rate': 1.1181726361588068e-05, 'epoch': 1.32}
{'eval_evaluator': 1.5573864444013696, 'eval_runtime': 115.1024, 'eval_samples_per_second': 0.0, 'eval_steps_per_second': 0.0, 'epoch': 1.33}
{'loss': 0.3199, 'grad_norm': 3.6871960163116455, 'learning_rate': 1.1084608810504235e-05, 'epoch': 1.34}
{'loss': 0.3037, 'grad_norm': 6.480602264404297, 'learning_rate': 1.0987491259420404e-05, 'epoch': 1.35}
{'loss': 0.2981, 'grad_norm': 6.151606559753418, 'learning_rate': 1.0890373708336572e-05, 'epoch': 1.37}
{'loss': 0.3229, 'grad_norm': 2.7980380058288574, 'learning_rate': 1.079325615725274e-05, 'epoch': 1.38}
{'loss': 0.2947, 'grad_norm': 4.795791149139404, 'learning_rate': 1.0696138606168908e-05, 'epoch': 1.4}
{'loss': 0.3121, 'grad_norm': 5.267133712768555, 'learning_rate': 1.0599021055085077e-05, 'epoch': 1.41}
{'loss': 0.3328, 'grad_norm': 13.78447151184082, 'learning_rate': 1.0501903504001243e-05, 'epoch': 1.43}
{'loss': 0.2897, 'grad_norm': 6.565865516662598, 'learning_rate': 1.0404785952917412e-05, 'epoch': 1.44}
{'loss': 0.3122, 'grad_norm': 5.495283603668213, 'learning_rate': 1.0307668401833579e-05, 'epoch': 1.46}
{'loss': 0.2932, 'grad_norm': 7.980316638946533, 'learning_rate': 1.0210550850749748e-05, 'epoch': 1.47}
{'loss': 0.2895, 'grad_norm': 0.0, 'learning_rate': 1.0113433299665915e-05, 'epoch': 1.48}
{'loss': 0.2864, 'grad_norm': 7.107255935668945, 'learning_rate': 1.0016315748582085e-05, 'epoch': 1.5}
{'loss': 0.2989, 'grad_norm': 6.639057636260986, 'learning_rate': 9.919198197498254e-06, 'epoch': 1.51}
{'loss': 0.2744, 'grad_norm': 4.507644176483154, 'learning_rate': 9.822080646414421e-06, 'epoch': 1.53}
{'loss': 0.2695, 'grad_norm': 3.4541079998016357, 'learning_rate': 9.724963095330588e-06, 'epoch': 1.54}
{'loss': 0.2765, 'grad_norm': 5.436569690704346, 'learning_rate': 9.627845544246757e-06, 'epoch': 1.56}
{'loss': 0.2753, 'grad_norm': 0.0, 'learning_rate': 9.530727993162925e-06, 'epoch': 1.57}
{'loss': 0.2801, 'grad_norm': 0.0, 'learning_rate': 9.433610442079094e-06, 'epoch': 1.59}
{'loss': 0.2723, 'grad_norm': 3.134486436843872, 'learning_rate': 9.336492890995261e-06, 'epoch': 1.6}
{'loss': 0.29, 'grad_norm': 7.015745639801025, 'learning_rate': 9.23937533991143e-06, 'epoch': 1.62}
{'loss': 0.2686, 'grad_norm': 4.684707164764404, 'learning_rate': 9.142257788827597e-06, 'epoch': 1.63}
{'loss': 0.2723, 'grad_norm': 8.706114768981934, 'learning_rate': 9.045140237743766e-06, 'epoch': 1.64}
{'loss': 0.275, 'grad_norm': 5.996854782104492, 'learning_rate': 8.948022686659934e-06, 'epoch': 1.66}
{'eval_evaluator': 1.5723118175356983, 'eval_runtime': 113.1062, 'eval_samples_per_second': 0.0, 'eval_steps_per_second': 0.0, 'epoch': 1.67}
{'loss': 0.2688, 'grad_norm': 4.255002021789551, 'learning_rate': 8.850905135576103e-06, 'epoch': 1.67}
{'loss': 0.262, 'grad_norm': 4.191512107849121, 'learning_rate': 8.75378758449227e-06, 'epoch': 1.69}
{'loss': 0.259, 'grad_norm': 0.0, 'learning_rate': 8.656670033408439e-06, 'epoch': 1.7}
{'loss': 0.2651, 'grad_norm': 3.356571674346924, 'learning_rate': 8.559552482324606e-06, 'epoch': 1.72}
{'loss': 0.2654, 'grad_norm': 9.969461441040039, 'learning_rate': 8.462434931240775e-06, 'epoch': 1.73}
{'loss': 0.2518, 'grad_norm': 7.851393699645996, 'learning_rate': 8.365317380156943e-06, 'epoch': 1.75}
{'loss': 0.2402, 'grad_norm': 0.0, 'learning_rate': 8.26819982907311e-06, 'epoch': 1.76}
{'loss': 0.2441, 'grad_norm': 3.585522413253784, 'learning_rate': 8.171082277989279e-06, 'epoch': 1.78}
{'loss': 0.2446, 'grad_norm': 3.7990496158599854, 'learning_rate': 8.073964726905446e-06, 'epoch': 1.79}
{'loss': 0.2552, 'grad_norm': 2.3270084857940674, 'learning_rate': 7.976847175821615e-06, 'epoch': 1.8}
{'loss': 0.2453, 'grad_norm': 0.0, 'learning_rate': 7.879729624737783e-06, 'epoch': 1.82}
{'loss': 0.2586, 'grad_norm': 4.040477275848389, 'learning_rate': 7.782612073653952e-06, 'epoch': 1.83}
{'loss': 0.2299, 'grad_norm': 3.0493295192718506, 'learning_rate': 7.685494522570119e-06, 'epoch': 1.85}
{'loss': 0.2556, 'grad_norm': 31.85516357421875, 'learning_rate': 7.588376971486288e-06, 'epoch': 1.86}
{'loss': 0.2803, 'grad_norm': 0.0, 'learning_rate': 7.491259420402456e-06, 'epoch': 1.88}
{'loss': 0.2409, 'grad_norm': 4.214101314544678, 'learning_rate': 7.394141869318624e-06, 'epoch': 1.89}
{'loss': 0.2386, 'grad_norm': 3.3491291999816895, 'learning_rate': 7.2970243182347925e-06, 'epoch': 1.91}
{'loss': 0.2369, 'grad_norm': 3.016233444213867, 'learning_rate': 7.199906767150961e-06, 'epoch': 1.92}
{'loss': 0.2323, 'grad_norm': 2.5854668617248535, 'learning_rate': 7.102789216067129e-06, 'epoch': 1.94}
{'loss': 0.2383, 'grad_norm': 0.0, 'learning_rate': 7.005671664983297e-06, 'epoch': 1.95}
{'loss': 0.2464, 'grad_norm': 0.0, 'learning_rate': 6.908554113899465e-06, 'epoch': 1.96}
{'loss': 0.2353, 'grad_norm': 0.0, 'learning_rate': 6.811436562815633e-06, 'epoch': 1.98}
{'loss': 0.2229, 'grad_norm': 3.3036954402923584, 'learning_rate': 6.7143190117318e-06, 'epoch': 1.99}
{'eval_evaluator': 1.5717318171049515, 'eval_runtime': 111.2685, 'eval_samples_per_second': 0.0, 'eval_steps_per_second': 0.0, 'epoch': 2.0}
{'loss': 0.223, 'grad_norm': 3.1336495876312256, 'learning_rate': 6.617201460647968e-06, 'epoch': 2.01}
{'loss': 0.2223, 'grad_norm': 0.0, 'learning_rate': 6.520083909564136e-06, 'epoch': 2.02}
{'loss': 0.2277, 'grad_norm': 4.005380630493164, 'learning_rate': 6.422966358480304e-06, 'epoch': 2.04}
{'loss': 0.2132, 'grad_norm': 3.4608559608459473, 'learning_rate': 6.325848807396473e-06, 'epoch': 2.05}
{'loss': 0.223, 'grad_norm': 2.8084487915039062, 'learning_rate': 6.228731256312642e-06, 'epoch': 2.07}
{'loss': 0.2326, 'grad_norm': 0.0, 'learning_rate': 6.13161370522881e-06, 'epoch': 2.08}
{'loss': 0.2146, 'grad_norm': 2.893246650695801, 'learning_rate': 6.034496154144978e-06, 'epoch': 2.1}
{'loss': 0.2187, 'grad_norm': 4.553206443786621, 'learning_rate': 5.937378603061146e-06, 'epoch': 2.11}
{'loss': 0.221, 'grad_norm': 0.0, 'learning_rate': 5.840261051977314e-06, 'epoch': 2.12}
{'loss': 0.2138, 'grad_norm': 3.533010721206665, 'learning_rate': 5.7431435008934825e-06, 'epoch': 2.14}
{'loss': 0.2154, 'grad_norm': 4.416765213012695, 'learning_rate': 5.646025949809651e-06, 'epoch': 2.15}
{'loss': 0.2026, 'grad_norm': 0.0, 'learning_rate': 5.548908398725819e-06, 'epoch': 2.17}
{'loss': 0.214, 'grad_norm': 2.354139804840088, 'learning_rate': 5.451790847641987e-06, 'epoch': 2.18}
{'loss': 0.211, 'grad_norm': 0.0, 'learning_rate': 5.354673296558155e-06, 'epoch': 2.2}
{'loss': 0.2049, 'grad_norm': 2.3893730640411377, 'learning_rate': 5.257555745474322e-06, 'epoch': 2.21}
{'loss': 0.207, 'grad_norm': 6.801828384399414, 'learning_rate': 5.16043819439049e-06, 'epoch': 2.23}
{'loss': 0.1962, 'grad_norm': 3.1519148349761963, 'learning_rate': 5.063320643306658e-06, 'epoch': 2.24}
{'loss': 0.2015, 'grad_norm': 4.975302696228027, 'learning_rate': 4.966203092222827e-06, 'epoch': 2.26}
{'loss': 0.2003, 'grad_norm': 3.6319751739501953, 'learning_rate': 4.869085541138995e-06, 'epoch': 2.27}
{'loss': 0.2062, 'grad_norm': 4.024727821350098, 'learning_rate': 4.771967990055163e-06, 'epoch': 2.28}
{'loss': 0.1984, 'grad_norm': 1.954074740409851, 'learning_rate': 4.6748504389713316e-06, 'epoch': 2.3}
{'loss': 0.2058, 'grad_norm': 0.0, 'learning_rate': 4.5777328878875e-06, 'epoch': 2.31}
{'loss': 0.21, 'grad_norm': 1.5029038190841675, 'learning_rate': 4.480615336803668e-06, 'epoch': 2.33}
{'eval_evaluator': 1.5868732097090306, 'eval_runtime': 110.2292, 'eval_samples_per_second': 0.0, 'eval_steps_per_second': 0.0, 'epoch': 2.33}
{'loss': 0.201, 'grad_norm': 1.9934892654418945, 'learning_rate': 4.383497785719836e-06, 'epoch': 2.34}
{'loss': 0.1908, 'grad_norm': 5.0974440574646, 'learning_rate': 4.286380234636004e-06, 'epoch': 2.36}
{'loss': 0.1906, 'grad_norm': 0.0, 'learning_rate': 4.1892626835521724e-06, 'epoch': 2.37}
{'loss': 0.1854, 'grad_norm': 0.0, 'learning_rate': 4.09214513246834e-06, 'epoch': 2.39}
{'loss': 0.1826, 'grad_norm': 2.3197553157806396, 'learning_rate': 3.995027581384508e-06, 'epoch': 2.4}
{'loss': 0.216, 'grad_norm': 3.258648633956909, 'learning_rate': 3.897910030300676e-06, 'epoch': 2.42}
{'loss': 0.1917, 'grad_norm': 0.0, 'learning_rate': 3.8007924792168443e-06, 'epoch': 2.43}
{'loss': 0.1897, 'grad_norm': 0.0, 'learning_rate': 3.7036749281330124e-06, 'epoch': 2.44}
{'loss': 0.1925, 'grad_norm': 3.9704248905181885, 'learning_rate': 3.6065573770491806e-06, 'epoch': 2.46}
{'loss': 0.187, 'grad_norm': 4.716391563415527, 'learning_rate': 3.509439825965349e-06, 'epoch': 2.47}
{'loss': 0.1814, 'grad_norm': 6.074825763702393, 'learning_rate': 3.412322274881517e-06, 'epoch': 2.49}
{'loss': 0.1826, 'grad_norm': 0.0, 'learning_rate': 3.3152047237976847e-06, 'epoch': 2.5}
{'loss': 0.1873, 'grad_norm': 3.570026397705078, 'learning_rate': 3.218087172713853e-06, 'epoch': 2.52}
{'loss': 0.181, 'grad_norm': 2.3501193523406982, 'learning_rate': 3.120969621630021e-06, 'epoch': 2.53}
{'loss': 0.1743, 'grad_norm': 2.1064162254333496, 'learning_rate': 3.0238520705461892e-06, 'epoch': 2.55}
{'loss': 0.1763, 'grad_norm': 3.475226402282715, 'learning_rate': 2.9267345194623574e-06, 'epoch': 2.56}
{'loss': 0.1814, 'grad_norm': 3.8863983154296875, 'learning_rate': 2.8296169683785256e-06, 'epoch': 2.58}
{'loss': 0.187, 'grad_norm': 3.8404598236083984, 'learning_rate': 2.7324994172946938e-06, 'epoch': 2.59}
{'loss': 0.1787, 'grad_norm': 4.366992473602295, 'learning_rate': 2.635381866210862e-06, 'epoch': 2.61}
{'loss': 0.1825, 'grad_norm': 2.578207492828369, 'learning_rate': 2.5382643151270297e-06, 'epoch': 2.62}
{'loss': 0.1834, 'grad_norm': 3.6666884422302246, 'learning_rate': 2.4411467640431983e-06, 'epoch': 2.63}
{'loss': 0.1864, 'grad_norm': 0.0, 'learning_rate': 2.344029212959366e-06, 'epoch': 2.65}
{'loss': 0.1846, 'grad_norm': 0.0, 'learning_rate': 2.2469116618755342e-06, 'epoch': 2.66}
{'eval_evaluator': 1.5857106243673407, 'eval_runtime': 110.7453, 'eval_samples_per_second': 0.0, 'eval_steps_per_second': 0.0, 'epoch': 2.67}
{'loss': 0.1666, 'grad_norm': 5.092584609985352, 'learning_rate': 2.1497941107917024e-06, 'epoch': 2.68}
{'loss': 0.1734, 'grad_norm': 0.0, 'learning_rate': 2.0526765597078706e-06, 'epoch': 2.69}
{'loss': 0.1692, 'grad_norm': 0.0, 'learning_rate': 1.9555590086240387e-06, 'epoch': 2.71}
{'loss': 0.1677, 'grad_norm': 0.0, 'learning_rate': 1.858441457540207e-06, 'epoch': 2.72}
{'loss': 0.1633, 'grad_norm': 2.9673261642456055, 'learning_rate': 1.761323906456375e-06, 'epoch': 2.74}
{'loss': 0.1658, 'grad_norm': 1.8503363132476807, 'learning_rate': 1.6642063553725428e-06, 'epoch': 2.75}
{'loss': 0.1667, 'grad_norm': 3.787851095199585, 'learning_rate': 1.5670888042887112e-06, 'epoch': 2.77}
{'loss': 0.1678, 'grad_norm': 2.797405958175659, 'learning_rate': 1.4699712532048794e-06, 'epoch': 2.78}
{'loss': 0.1732, 'grad_norm': 0.0, 'learning_rate': 1.3728537021210476e-06, 'epoch': 2.79}
{'loss': 0.1798, 'grad_norm': 4.49000883102417, 'learning_rate': 1.2757361510372155e-06, 'epoch': 2.81}
{'loss': 0.1582, 'grad_norm': 2.8616738319396973, 'learning_rate': 1.1786185999533837e-06, 'epoch': 2.82}
{'loss': 0.1792, 'grad_norm': 0.0, 'learning_rate': 1.0815010488695519e-06, 'epoch': 2.84}
{'loss': 0.1533, 'grad_norm': 2.2365150451660156, 'learning_rate': 9.843834977857198e-07, 'epoch': 2.85}
{'loss': 0.1839, 'grad_norm': 11.271549224853516, 'learning_rate': 8.87265946701888e-07, 'epoch': 2.87}
{'loss': 0.1655, 'grad_norm': 1.9416639804840088, 'learning_rate': 7.901483956180561e-07, 'epoch': 2.88}
{'loss': 0.1702, 'grad_norm': 4.31287956237793, 'learning_rate': 6.930308445342243e-07, 'epoch': 2.9}
{'loss': 0.1696, 'grad_norm': 0.0, 'learning_rate': 5.959132934503924e-07, 'epoch': 2.91}
{'loss': 0.1637, 'grad_norm': 0.0, 'learning_rate': 4.987957423665606e-07, 'epoch': 2.93}
{'loss': 0.1684, 'grad_norm': 3.284048080444336, 'learning_rate': 4.016781912827286e-07, 'epoch': 2.94}
{'loss': 0.1606, 'grad_norm': 3.755204200744629, 'learning_rate': 3.045606401988968e-07, 'epoch': 2.95}
{'loss': 0.1573, 'grad_norm': 2.3058958053588867, 'learning_rate': 2.074430891150649e-07, 'epoch': 2.97}
{'loss': 0.1569, 'grad_norm': 2.4178826808929443, 'learning_rate': 1.1032553803123301e-07, 'epoch': 2.98}
{'loss': 0.1589, 'grad_norm': 0.0, 'learning_rate': 1.3207986947401136e-08, 'epoch': 3.0}
{'eval_evaluator': 1.5893571105511404, 'eval_runtime': 113.0543, 'eval_samples_per_second': 0.0, 'eval_steps_per_second': 0.0, 'epoch': 3.0}
{'train_runtime': 31373.761, 'train_samples_per_second': 105.128, 'train_steps_per_second': 3.285, 'train_loss': 0.38025300517188015, 'epoch': 3.0}
=====saving embedding is completed=====
=====test set is loaded=====
=====Now evaluating retriever ...=====
