=====train set is loaded=====
there are 54971 turns in this dataset
=====number of batches 17179=====
{'loss': 0.9352, 'grad_norm': 5.922741889953613, 'learning_rate': 1.984446086246452e-05, 'epoch': 0.03}
{'loss': 0.7735, 'grad_norm': 4.6956963539123535, 'learning_rate': 1.9650036940545166e-05, 'epoch': 0.06}
{'loss': 0.7488, 'grad_norm': 7.508684158325195, 'learning_rate': 1.9455613018625813e-05, 'epoch': 0.09}
{'loss': 0.723, 'grad_norm': 6.150357246398926, 'learning_rate': 1.926118909670646e-05, 'epoch': 0.12}
{'loss': 0.7055, 'grad_norm': 5.133471965789795, 'learning_rate': 1.9066765174787108e-05, 'epoch': 0.15}
{'loss': 0.6868, 'grad_norm': 5.925457000732422, 'learning_rate': 1.8872341252867755e-05, 'epoch': 0.17}
{'loss': 0.6691, 'grad_norm': 7.226268768310547, 'learning_rate': 1.86779173309484e-05, 'epoch': 0.2}
{'loss': 0.6547, 'grad_norm': 4.479669094085693, 'learning_rate': 1.8483493409029047e-05, 'epoch': 0.23}
{'loss': 0.6546, 'grad_norm': 4.591881275177002, 'learning_rate': 1.8289069487109697e-05, 'epoch': 0.26}
{'loss': 0.6462, 'grad_norm': 5.850851058959961, 'learning_rate': 1.809464556519034e-05, 'epoch': 0.29}
{'loss': 0.6429, 'grad_norm': 6.143685817718506, 'learning_rate': 1.790022164327099e-05, 'epoch': 0.32}
{'eval_evaluator': 1.3422903976771006, 'eval_runtime': 130.498, 'eval_samples_per_second': 0.0, 'eval_steps_per_second': 0.0, 'epoch': 0.33}
{'loss': 0.6325, 'grad_norm': 5.258823871612549, 'learning_rate': 1.7705797721351636e-05, 'epoch': 0.35}
{'loss': 0.6221, 'grad_norm': 4.151619911193848, 'learning_rate': 1.7511373799432283e-05, 'epoch': 0.38}
{'loss': 0.5969, 'grad_norm': 6.59990930557251, 'learning_rate': 1.731694987751293e-05, 'epoch': 0.41}
{'loss': 0.6128, 'grad_norm': 6.7946248054504395, 'learning_rate': 1.7122525955593578e-05, 'epoch': 0.44}
{'loss': 0.6078, 'grad_norm': 5.741686820983887, 'learning_rate': 1.6928102033674225e-05, 'epoch': 0.47}
{'loss': 0.6032, 'grad_norm': 7.316990375518799, 'learning_rate': 1.6733678111754873e-05, 'epoch': 0.49}
{'loss': 0.6133, 'grad_norm': 4.811079025268555, 'learning_rate': 1.653925418983552e-05, 'epoch': 0.52}
{'loss': 0.5915, 'grad_norm': 5.738085746765137, 'learning_rate': 1.6344830267916164e-05, 'epoch': 0.55}
{'loss': 0.5827, 'grad_norm': 4.461079120635986, 'learning_rate': 1.615040634599681e-05, 'epoch': 0.58}
{'loss': 0.5985, 'grad_norm': 5.477786064147949, 'learning_rate': 1.5955982424077462e-05, 'epoch': 0.61}
{'loss': 0.5857, 'grad_norm': 5.981192588806152, 'learning_rate': 1.5761558502158106e-05, 'epoch': 0.64}
{'eval_evaluator': 1.361083758695699, 'eval_runtime': 123.851, 'eval_samples_per_second': 0.0, 'eval_steps_per_second': 0.0, 'epoch': 0.67}
{'loss': 0.5758, 'grad_norm': 5.590217590332031, 'learning_rate': 1.5567134580238753e-05, 'epoch': 0.67}
{'loss': 0.5833, 'grad_norm': 4.376356601715088, 'learning_rate': 1.53727106583194e-05, 'epoch': 0.7}
{'loss': 0.578, 'grad_norm': 6.01133394241333, 'learning_rate': 1.5178286736400048e-05, 'epoch': 0.73}
{'loss': 0.5791, 'grad_norm': 5.9336981773376465, 'learning_rate': 1.4983862814480694e-05, 'epoch': 0.76}
{'loss': 0.5587, 'grad_norm': 4.775970935821533, 'learning_rate': 1.4789438892561343e-05, 'epoch': 0.79}
{'loss': 0.5498, 'grad_norm': 5.423333168029785, 'learning_rate': 1.459501497064199e-05, 'epoch': 0.81}
{'loss': 0.5549, 'grad_norm': 4.730281829833984, 'learning_rate': 1.4400591048722636e-05, 'epoch': 0.84}
{'loss': 0.5502, 'grad_norm': 4.947683334350586, 'learning_rate': 1.4206167126803283e-05, 'epoch': 0.87}
{'loss': 0.5533, 'grad_norm': 6.694736003875732, 'learning_rate': 1.401174320488393e-05, 'epoch': 0.9}
{'loss': 0.5678, 'grad_norm': 5.16522216796875, 'learning_rate': 1.3817319282964576e-05, 'epoch': 0.93}
{'loss': 0.5474, 'grad_norm': 5.745201587677002, 'learning_rate': 1.3622895361045223e-05, 'epoch': 0.96}
{'loss': 0.5355, 'grad_norm': 6.484963417053223, 'learning_rate': 1.3428471439125872e-05, 'epoch': 0.99}
{'eval_evaluator': 1.3586928991406604, 'eval_runtime': 122.0892, 'eval_samples_per_second': 0.0, 'eval_steps_per_second': 0.0, 'epoch': 1.0}
{'loss': 0.5307, 'grad_norm': 4.438821792602539, 'learning_rate': 1.3234047517206518e-05, 'epoch': 1.02}
{'loss': 0.5006, 'grad_norm': 4.49905252456665, 'learning_rate': 1.3039623595287165e-05, 'epoch': 1.05}
{'loss': 0.4964, 'grad_norm': 4.977843761444092, 'learning_rate': 1.2845199673367812e-05, 'epoch': 1.08}
{'loss': 0.4987, 'grad_norm': 6.64930534362793, 'learning_rate': 1.2650775751448458e-05, 'epoch': 1.11}
{'loss': 0.4895, 'grad_norm': 7.352975845336914, 'learning_rate': 1.2456351829529105e-05, 'epoch': 1.14}
{'loss': 0.4704, 'grad_norm': 5.587194919586182, 'learning_rate': 1.2261927907609754e-05, 'epoch': 1.16}
{'loss': 0.4781, 'grad_norm': 4.999057292938232, 'learning_rate': 1.20675039856904e-05, 'epoch': 1.19}
{'loss': 0.4658, 'grad_norm': 4.7144622802734375, 'learning_rate': 1.1873080063771047e-05, 'epoch': 1.22}
{'loss': 0.4643, 'grad_norm': 4.192062854766846, 'learning_rate': 1.1678656141851695e-05, 'epoch': 1.25}
{'loss': 0.4621, 'grad_norm': 4.773160457611084, 'learning_rate': 1.148423221993234e-05, 'epoch': 1.28}
{'loss': 0.471, 'grad_norm': 6.070760250091553, 'learning_rate': 1.1289808298012988e-05, 'epoch': 1.31}
{'eval_evaluator': 1.35163372433386, 'eval_runtime': 122.5308, 'eval_samples_per_second': 0.0, 'eval_steps_per_second': 0.0, 'epoch': 1.33}
{'loss': 0.4631, 'grad_norm': 4.309273719787598, 'learning_rate': 1.1095384376093637e-05, 'epoch': 1.34}
{'loss': 0.4505, 'grad_norm': 5.432409286499023, 'learning_rate': 1.0900960454174282e-05, 'epoch': 1.37}
{'loss': 0.4372, 'grad_norm': 4.570858955383301, 'learning_rate': 1.070653653225493e-05, 'epoch': 1.4}
{'loss': 0.4405, 'grad_norm': 4.073937892913818, 'learning_rate': 1.0512112610335577e-05, 'epoch': 1.43}
{'loss': 0.4469, 'grad_norm': 5.585778713226318, 'learning_rate': 1.0317688688416223e-05, 'epoch': 1.46}
{'loss': 0.4478, 'grad_norm': 5.309041976928711, 'learning_rate': 1.012326476649687e-05, 'epoch': 1.48}
{'loss': 0.4626, 'grad_norm': 7.481215953826904, 'learning_rate': 9.928840844577517e-06, 'epoch': 1.51}
{'loss': 0.4374, 'grad_norm': 4.978469371795654, 'learning_rate': 9.734416922658165e-06, 'epoch': 1.54}
{'loss': 0.4331, 'grad_norm': 5.549059867858887, 'learning_rate': 9.539993000738812e-06, 'epoch': 1.57}
{'loss': 0.4482, 'grad_norm': 4.573740005493164, 'learning_rate': 9.34556907881946e-06, 'epoch': 1.6}
{'loss': 0.4508, 'grad_norm': 10.112926483154297, 'learning_rate': 9.151145156900105e-06, 'epoch': 1.63}
{'loss': 0.432, 'grad_norm': 4.451451301574707, 'learning_rate': 8.956721234980752e-06, 'epoch': 1.66}
{'eval_evaluator': 1.3668342271327347, 'eval_runtime': 133.6282, 'eval_samples_per_second': 0.0, 'eval_steps_per_second': 0.0, 'epoch': 1.67}
{'loss': 0.4434, 'grad_norm': 3.402069330215454, 'learning_rate': 8.7622973130614e-06, 'epoch': 1.69}
{'loss': 0.446, 'grad_norm': 7.091531753540039, 'learning_rate': 8.567873391142047e-06, 'epoch': 1.72}
{'loss': 0.4355, 'grad_norm': 6.498491287231445, 'learning_rate': 8.373449469222694e-06, 'epoch': 1.75}
{'loss': 0.4334, 'grad_norm': 5.787109851837158, 'learning_rate': 8.179025547303342e-06, 'epoch': 1.78}
{'loss': 0.4179, 'grad_norm': 4.402307033538818, 'learning_rate': 7.984601625383987e-06, 'epoch': 1.8}
{'loss': 0.4139, 'grad_norm': 4.860857963562012, 'learning_rate': 7.790177703464635e-06, 'epoch': 1.83}
{'loss': 0.4235, 'grad_norm': 3.7187740802764893, 'learning_rate': 7.595753781545282e-06, 'epoch': 1.86}
{'loss': 0.4275, 'grad_norm': 3.8991057872772217, 'learning_rate': 7.401329859625928e-06, 'epoch': 1.89}
{'loss': 0.4419, 'grad_norm': 6.166764259338379, 'learning_rate': 7.2069059377065765e-06, 'epoch': 1.92}
{'loss': 0.4193, 'grad_norm': 3.8881967067718506, 'learning_rate': 7.012482015787223e-06, 'epoch': 1.95}
{'loss': 0.4267, 'grad_norm': 6.182321071624756, 'learning_rate': 6.8180580938678694e-06, 'epoch': 1.98}
{'eval_evaluator': 1.3763528676961512, 'eval_runtime': 140.6062, 'eval_samples_per_second': 0.0, 'eval_steps_per_second': 0.0, 'epoch': 2.0}
{'loss': 0.413, 'grad_norm': 4.950342178344727, 'learning_rate': 6.623634171948518e-06, 'epoch': 2.01}
{'loss': 0.3946, 'grad_norm': 4.491116523742676, 'learning_rate': 6.429210250029164e-06, 'epoch': 2.04}
{'loss': 0.3905, 'grad_norm': 3.676578998565674, 'learning_rate': 6.234786328109811e-06, 'epoch': 2.07}
{'loss': 0.3864, 'grad_norm': 2.515327215194702, 'learning_rate': 6.040362406190459e-06, 'epoch': 2.1}
{'loss': 0.3782, 'grad_norm': 6.265446662902832, 'learning_rate': 5.845938484271105e-06, 'epoch': 2.12}
{'loss': 0.3842, 'grad_norm': 4.576296806335449, 'learning_rate': 5.651514562351752e-06, 'epoch': 2.15}
{'loss': 0.3777, 'grad_norm': 6.0865654945373535, 'learning_rate': 5.4570906404324e-06, 'epoch': 2.18}
{'loss': 0.3649, 'grad_norm': 5.269376277923584, 'learning_rate': 5.262666718513046e-06, 'epoch': 2.21}
{'loss': 0.3666, 'grad_norm': 3.86016845703125, 'learning_rate': 5.068242796593693e-06, 'epoch': 2.24}
{'loss': 0.3702, 'grad_norm': 6.495872974395752, 'learning_rate': 4.87381887467434e-06, 'epoch': 2.27}
{'loss': 0.3708, 'grad_norm': 5.383511543273926, 'learning_rate': 4.6793949527549875e-06, 'epoch': 2.3}
{'loss': 0.3661, 'grad_norm': 6.301136493682861, 'learning_rate': 4.484971030835634e-06, 'epoch': 2.33}
{'eval_evaluator': 1.36031951615398, 'eval_runtime': 143.9116, 'eval_samples_per_second': 0.0, 'eval_steps_per_second': 0.0, 'epoch': 2.33}
{'loss': 0.3625, 'grad_norm': 4.208648204803467, 'learning_rate': 4.290547108916281e-06, 'epoch': 2.36}
{'loss': 0.3547, 'grad_norm': 3.9523239135742188, 'learning_rate': 4.096123186996929e-06, 'epoch': 2.39}
{'loss': 0.3497, 'grad_norm': 4.104732990264893, 'learning_rate': 3.901699265077575e-06, 'epoch': 2.42}
{'loss': 0.3534, 'grad_norm': 5.519017696380615, 'learning_rate': 3.7072753431582225e-06, 'epoch': 2.44}
{'loss': 0.3599, 'grad_norm': 3.4480907917022705, 'learning_rate': 3.5128514212388694e-06, 'epoch': 2.47}
{'loss': 0.3611, 'grad_norm': 3.10333514213562, 'learning_rate': 3.3184274993195163e-06, 'epoch': 2.5}
{'loss': 0.3728, 'grad_norm': 3.64870548248291, 'learning_rate': 3.1240035774001636e-06, 'epoch': 2.53}
{'loss': 0.3529, 'grad_norm': 3.955927610397339, 'learning_rate': 2.9295796554808105e-06, 'epoch': 2.56}
{'loss': 0.3536, 'grad_norm': 5.38635778427124, 'learning_rate': 2.7351557335614574e-06, 'epoch': 2.59}
{'loss': 0.3716, 'grad_norm': 13.041478157043457, 'learning_rate': 2.5407318116421047e-06, 'epoch': 2.62}
{'loss': 0.3521, 'grad_norm': 4.831118583679199, 'learning_rate': 2.3463078897227516e-06, 'epoch': 2.65}
{'eval_evaluator': 1.3837666645129332, 'eval_runtime': 128.3962, 'eval_samples_per_second': 0.0, 'eval_steps_per_second': 0.0, 'epoch': 2.67}
{'loss': 0.3628, 'grad_norm': 3.649252414703369, 'learning_rate': 2.1518839678033985e-06, 'epoch': 2.68}
{'loss': 0.3673, 'grad_norm': 5.94291877746582, 'learning_rate': 1.9574600458840454e-06, 'epoch': 2.71}
{'loss': 0.3573, 'grad_norm': 8.160505294799805, 'learning_rate': 1.7630361239646928e-06, 'epoch': 2.74}
{'loss': 0.3655, 'grad_norm': 5.843610763549805, 'learning_rate': 1.5686122020453399e-06, 'epoch': 2.77}
{'loss': 0.3373, 'grad_norm': 4.25057315826416, 'learning_rate': 1.3741882801259868e-06, 'epoch': 2.79}
{'loss': 0.355, 'grad_norm': 5.951486587524414, 'learning_rate': 1.179764358206634e-06, 'epoch': 2.82}
{'loss': 0.3417, 'grad_norm': 4.193814754486084, 'learning_rate': 9.85340436287281e-07, 'epoch': 2.85}
{'loss': 0.3573, 'grad_norm': 6.603028774261475, 'learning_rate': 7.909165143679279e-07, 'epoch': 2.88}
{'loss': 0.3644, 'grad_norm': 5.147072792053223, 'learning_rate': 5.964925924485749e-07, 'epoch': 2.91}
{'loss': 0.367, 'grad_norm': 4.236306667327881, 'learning_rate': 4.02068670529222e-07, 'epoch': 2.94}
{'loss': 0.3546, 'grad_norm': 4.661290645599365, 'learning_rate': 2.0764474860986895e-07, 'epoch': 2.97}
{'loss': 0.3499, 'grad_norm': 5.2790937423706055, 'learning_rate': 1.3220826690516003e-08, 'epoch': 3.0}
{'eval_evaluator': 1.37645495466391, 'eval_runtime': 129.4817, 'eval_samples_per_second': 0.0, 'eval_steps_per_second': 0.0, 'epoch': 3.0}
{'train_runtime': 16477.8841, 'train_samples_per_second': 100.081, 'train_steps_per_second': 3.128, 'train_loss': 0.4796646397288253, 'epoch': 3.0}
=====saving embedding is completed=====
=====test set is loaded=====
=====Now evaluating retriever ...=====
