=====train set is loaded=====
there are 54971 turns in this dataset
=====number of batches 8590=====
{'loss': 0.8967, 'grad_norm': 8.401473045349121, 'learning_rate': 1.9688315736159272e-05, 'epoch': 0.06}
{'loss': 0.723, 'grad_norm': 5.152050018310547, 'learning_rate': 1.929871040635836e-05, 'epoch': 0.12}
{'loss': 0.6807, 'grad_norm': 3.5723702907562256, 'learning_rate': 1.890910507655745e-05, 'epoch': 0.17}
{'loss': 0.6649, 'grad_norm': 6.244859218597412, 'learning_rate': 1.8519499746756537e-05, 'epoch': 0.23}
{'loss': 0.6337, 'grad_norm': 6.777352333068848, 'learning_rate': 1.8129894416955625e-05, 'epoch': 0.29}
{'eval_evaluator': 1.3562061984450045, 'eval_runtime': 136.7692, 'eval_samples_per_second': 0.0, 'eval_steps_per_second': 0.0, 'epoch': 0.33}
{'loss': 0.6261, 'grad_norm': 4.636775016784668, 'learning_rate': 1.7740289087154713e-05, 'epoch': 0.35}
{'loss': 0.6124, 'grad_norm': 6.426522731781006, 'learning_rate': 1.73506837573538e-05, 'epoch': 0.41}
{'loss': 0.5837, 'grad_norm': 4.762960433959961, 'learning_rate': 1.696107842755289e-05, 'epoch': 0.47}
{'loss': 0.5961, 'grad_norm': 4.480321407318115, 'learning_rate': 1.6571473097751978e-05, 'epoch': 0.52}
{'loss': 0.5835, 'grad_norm': 5.033883571624756, 'learning_rate': 1.6181867767951066e-05, 'epoch': 0.58}
{'loss': 0.5695, 'grad_norm': 4.626026630401611, 'learning_rate': 1.5792262438150154e-05, 'epoch': 0.64}
{'eval_evaluator': 1.373200017229868, 'eval_runtime': 129.2073, 'eval_samples_per_second': 0.0, 'eval_steps_per_second': 0.0, 'epoch': 0.67}
{'loss': 0.5778, 'grad_norm': 5.116990089416504, 'learning_rate': 1.5402657108349242e-05, 'epoch': 0.7}
{'loss': 0.5506, 'grad_norm': 4.193516731262207, 'learning_rate': 1.501305177854833e-05, 'epoch': 0.76}
{'loss': 0.5546, 'grad_norm': 4.420253276824951, 'learning_rate': 1.462344644874742e-05, 'epoch': 0.81}
{'loss': 0.5396, 'grad_norm': 5.860269546508789, 'learning_rate': 1.4233841118946507e-05, 'epoch': 0.87}
{'loss': 0.5638, 'grad_norm': 5.324688911437988, 'learning_rate': 1.3844235789145597e-05, 'epoch': 0.93}
{'loss': 0.5253, 'grad_norm': 3.8694374561309814, 'learning_rate': 1.3454630459344683e-05, 'epoch': 0.99}
{'eval_evaluator': 1.3833440824214231, 'eval_runtime': 128.4233, 'eval_samples_per_second': 0.0, 'eval_steps_per_second': 0.0, 'epoch': 1.0}
{'loss': 0.5117, 'grad_norm': 5.158063888549805, 'learning_rate': 1.3065025129543773e-05, 'epoch': 1.05}
{'loss': 0.4753, 'grad_norm': 3.3840157985687256, 'learning_rate': 1.267541979974286e-05, 'epoch': 1.11}
{'loss': 0.461, 'grad_norm': 4.955534934997559, 'learning_rate': 1.228581446994195e-05, 'epoch': 1.16}
{'loss': 0.4566, 'grad_norm': 4.569849967956543, 'learning_rate': 1.1896209140141038e-05, 'epoch': 1.22}
{'loss': 0.4485, 'grad_norm': 5.4658660888671875, 'learning_rate': 1.1506603810340126e-05, 'epoch': 1.28}
{'eval_evaluator': 1.3594938530488054, 'eval_runtime': 126.3446, 'eval_samples_per_second': 0.0, 'eval_steps_per_second': 0.0, 'epoch': 1.33}
{'loss': 0.4371, 'grad_norm': 3.8677778244018555, 'learning_rate': 1.1116998480539214e-05, 'epoch': 1.34}
{'loss': 0.4438, 'grad_norm': 4.826462268829346, 'learning_rate': 1.0727393150738303e-05, 'epoch': 1.4}
{'loss': 0.4287, 'grad_norm': 6.218108654022217, 'learning_rate': 1.033778782093739e-05, 'epoch': 1.46}
{'loss': 0.4251, 'grad_norm': 5.286691188812256, 'learning_rate': 9.94818249113648e-06, 'epoch': 1.51}
{'loss': 0.4248, 'grad_norm': 5.461368560791016, 'learning_rate': 9.558577161335569e-06, 'epoch': 1.57}
{'loss': 0.4201, 'grad_norm': 6.304671287536621, 'learning_rate': 9.168971831534657e-06, 'epoch': 1.63}
{'eval_evaluator': 1.3833351346377127, 'eval_runtime': 125.7645, 'eval_samples_per_second': 0.0, 'eval_steps_per_second': 0.0, 'epoch': 1.67}
{'loss': 0.4295, 'grad_norm': 2.7364308834075928, 'learning_rate': 8.779366501733745e-06, 'epoch': 1.69}
{'loss': 0.4166, 'grad_norm': 5.434223175048828, 'learning_rate': 8.389761171932834e-06, 'epoch': 1.75}
{'loss': 0.4129, 'grad_norm': 5.39772367477417, 'learning_rate': 8.000155842131922e-06, 'epoch': 1.8}
{'loss': 0.4076, 'grad_norm': 4.268166542053223, 'learning_rate': 7.61055051233101e-06, 'epoch': 1.86}
{'loss': 0.4297, 'grad_norm': 6.2842817306518555, 'learning_rate': 7.220945182530098e-06, 'epoch': 1.92}
{'loss': 0.4028, 'grad_norm': 4.9986162185668945, 'learning_rate': 6.831339852729186e-06, 'epoch': 1.98}
{'eval_evaluator': 1.3960330186924488, 'eval_runtime': 127.2346, 'eval_samples_per_second': 0.0, 'eval_steps_per_second': 0.0, 'epoch': 2.0}
{'loss': 0.3936, 'grad_norm': 4.5454230308532715, 'learning_rate': 6.441734522928275e-06, 'epoch': 2.04}
{'loss': 0.3667, 'grad_norm': 4.120055198669434, 'learning_rate': 6.052129193127363e-06, 'epoch': 2.1}
{'loss': 0.3571, 'grad_norm': 4.855996131896973, 'learning_rate': 5.662523863326451e-06, 'epoch': 2.15}
{'loss': 0.3546, 'grad_norm': 6.601161479949951, 'learning_rate': 5.272918533525539e-06, 'epoch': 2.21}
{'loss': 0.3516, 'grad_norm': 4.688913822174072, 'learning_rate': 4.883313203724627e-06, 'epoch': 2.27}
{'loss': 0.3416, 'grad_norm': 3.0580835342407227, 'learning_rate': 4.493707873923716e-06, 'epoch': 2.33}
{'eval_evaluator': 1.3676913934851518, 'eval_runtime': 127.2172, 'eval_samples_per_second': 0.0, 'eval_steps_per_second': 0.0, 'epoch': 2.33}
{'loss': 0.348, 'grad_norm': 7.761620044708252, 'learning_rate': 4.104102544122804e-06, 'epoch': 2.39}
{'loss': 0.3464, 'grad_norm': 6.112783908843994, 'learning_rate': 3.714497214321892e-06, 'epoch': 2.44}
{'loss': 0.3311, 'grad_norm': 5.846218109130859, 'learning_rate': 3.3248918845209802e-06, 'epoch': 2.5}
{'loss': 0.3401, 'grad_norm': 5.969285011291504, 'learning_rate': 2.935286554720069e-06, 'epoch': 2.56}
{'loss': 0.3367, 'grad_norm': 5.153094291687012, 'learning_rate': 2.545681224919157e-06, 'epoch': 2.62}
{'eval_evaluator': 1.3939236521054703, 'eval_runtime': 129.8222, 'eval_samples_per_second': 0.0, 'eval_steps_per_second': 0.0, 'epoch': 2.67}
{'loss': 0.3509, 'grad_norm': 3.9209437370300293, 'learning_rate': 2.1560758951182453e-06, 'epoch': 2.68}
{'loss': 0.3408, 'grad_norm': 3.461414098739624, 'learning_rate': 1.7664705653173337e-06, 'epoch': 2.74}
{'loss': 0.338, 'grad_norm': 2.810828924179077, 'learning_rate': 1.376865235516422e-06, 'epoch': 2.79}
{'loss': 0.3377, 'grad_norm': 4.044673919677734, 'learning_rate': 9.872599057155103e-07, 'epoch': 2.85}
{'loss': 0.3517, 'grad_norm': 7.071804046630859, 'learning_rate': 5.976545759145986e-07, 'epoch': 2.91}
{'loss': 0.3433, 'grad_norm': 5.133241653442383, 'learning_rate': 2.0804924611368686e-07, 'epoch': 2.97}
{'eval_evaluator': 1.3912297622474012, 'eval_runtime': 133.4815, 'eval_samples_per_second': 0.0, 'eval_steps_per_second': 0.0, 'epoch': 3.0}
{'train_runtime': 8903.8265, 'train_samples_per_second': 92.608, 'train_steps_per_second': 2.894, 'train_loss': 0.46614655660111914, 'epoch': 3.0}
=====saving embedding is completed=====
=====test set is loaded=====
=====Now evaluating retriever ...=====
