=====train set is loaded=====
there are 54971 turns in this dataset
Number of positive samples: 274855
Number of negative samples: 274855
=====number of batches 8590=====
{'loss': 4.4206, 'grad_norm': 10.325179100036621, 'learning_rate': 1.9688315736159272e-05, 'epoch': 0.06}
{'loss': 4.1917, 'grad_norm': 7.605571269989014, 'learning_rate': 1.929871040635836e-05, 'epoch': 0.12}
{'loss': 4.0856, 'grad_norm': 38.34354019165039, 'learning_rate': 1.890910507655745e-05, 'epoch': 0.17}
{'loss': 4.0241, 'grad_norm': 10.288856506347656, 'learning_rate': 1.8519499746756537e-05, 'epoch': 0.23}
{'loss': 3.9573, 'grad_norm': 12.40860652923584, 'learning_rate': 1.8129894416955625e-05, 'epoch': 0.29}
{'eval_evaluator': 1.1754052249574638, 'eval_runtime': 115.7725, 'eval_samples_per_second': 0.0, 'eval_steps_per_second': 0.0, 'epoch': 0.33}
{'loss': 3.8979, 'grad_norm': 8.817864418029785, 'learning_rate': 1.7740289087154713e-05, 'epoch': 0.35}
{'loss': 3.8583, 'grad_norm': 9.396288871765137, 'learning_rate': 1.73506837573538e-05, 'epoch': 0.41}
{'loss': 3.8136, 'grad_norm': 9.299646377563477, 'learning_rate': 1.696107842755289e-05, 'epoch': 0.47}
{'loss': 3.7402, 'grad_norm': 10.20748233795166, 'learning_rate': 1.6571473097751978e-05, 'epoch': 0.52}
{'loss': 3.756, 'grad_norm': 7.663646221160889, 'learning_rate': 1.6181867767951066e-05, 'epoch': 0.58}
{'loss': 3.6562, 'grad_norm': 11.14694595336914, 'learning_rate': 1.5792262438150154e-05, 'epoch': 0.64}
{'eval_evaluator': 1.24227618303602, 'eval_runtime': 106.3789, 'eval_samples_per_second': 0.0, 'eval_steps_per_second': 0.0, 'epoch': 0.67}
{'loss': 3.6336, 'grad_norm': 9.174515724182129, 'learning_rate': 1.5402657108349242e-05, 'epoch': 0.7}
{'loss': 3.6355, 'grad_norm': 9.253559112548828, 'learning_rate': 1.501305177854833e-05, 'epoch': 0.76}
{'loss': 3.611, 'grad_norm': 11.744540214538574, 'learning_rate': 1.462344644874742e-05, 'epoch': 0.81}
{'loss': 3.608, 'grad_norm': 9.79581069946289, 'learning_rate': 1.4233841118946507e-05, 'epoch': 0.87}
{'loss': 3.595, 'grad_norm': 7.413944244384766, 'learning_rate': 1.3844235789145597e-05, 'epoch': 0.93}
{'loss': 3.5989, 'grad_norm': 8.870892524719238, 'learning_rate': 1.3454630459344683e-05, 'epoch': 0.99}
{'eval_evaluator': 1.2755088195386703, 'eval_runtime': 110.0812, 'eval_samples_per_second': 0.0, 'eval_steps_per_second': 0.0, 'epoch': 1.0}
{'loss': 3.5391, 'grad_norm': 10.761270523071289, 'learning_rate': 1.3065025129543773e-05, 'epoch': 1.05}
{'loss': 3.5476, 'grad_norm': 9.342626571655273, 'learning_rate': 1.267541979974286e-05, 'epoch': 1.11}
{'loss': 3.4652, 'grad_norm': 8.83968448638916, 'learning_rate': 1.228581446994195e-05, 'epoch': 1.16}
{'loss': 3.4748, 'grad_norm': 9.43381404876709, 'learning_rate': 1.1896209140141038e-05, 'epoch': 1.22}
{'loss': 3.4501, 'grad_norm': 12.501762390136719, 'learning_rate': 1.1506603810340126e-05, 'epoch': 1.28}
{'eval_evaluator': 1.230761129417846, 'eval_runtime': 102.3572, 'eval_samples_per_second': 0.0, 'eval_steps_per_second': 0.0, 'epoch': 1.33}
{'loss': 3.4325, 'grad_norm': 9.582843780517578, 'learning_rate': 1.1116998480539214e-05, 'epoch': 1.34}
{'loss': 3.4001, 'grad_norm': 10.877523422241211, 'learning_rate': 1.0727393150738303e-05, 'epoch': 1.4}
{'loss': 3.3883, 'grad_norm': 12.268377304077148, 'learning_rate': 1.033778782093739e-05, 'epoch': 1.46}
{'loss': 3.3717, 'grad_norm': 7.630715370178223, 'learning_rate': 9.94818249113648e-06, 'epoch': 1.51}
{'loss': 3.3943, 'grad_norm': 10.140807151794434, 'learning_rate': 9.558577161335569e-06, 'epoch': 1.57}
{'loss': 3.288, 'grad_norm': 10.893266677856445, 'learning_rate': 9.168971831534657e-06, 'epoch': 1.63}
{'eval_evaluator': 1.2400684887252051, 'eval_runtime': 101.837, 'eval_samples_per_second': 0.0, 'eval_steps_per_second': 0.0, 'epoch': 1.67}
{'loss': 3.3289, 'grad_norm': 12.69156551361084, 'learning_rate': 8.779366501733745e-06, 'epoch': 1.69}
{'loss': 3.2919, 'grad_norm': 10.743447303771973, 'learning_rate': 8.389761171932834e-06, 'epoch': 1.75}
{'loss': 3.3011, 'grad_norm': 9.461442947387695, 'learning_rate': 8.000155842131922e-06, 'epoch': 1.8}
{'loss': 3.2958, 'grad_norm': 10.667083740234375, 'learning_rate': 7.61055051233101e-06, 'epoch': 1.86}
{'loss': 3.333, 'grad_norm': 13.064062118530273, 'learning_rate': 7.220945182530098e-06, 'epoch': 1.92}
{'loss': 3.3168, 'grad_norm': 13.053055763244629, 'learning_rate': 6.831339852729186e-06, 'epoch': 1.98}
{'eval_evaluator': 1.2511786208665447, 'eval_runtime': 102.3468, 'eval_samples_per_second': 0.0, 'eval_steps_per_second': 0.0, 'epoch': 2.0}
{'loss': 3.2796, 'grad_norm': 12.155183792114258, 'learning_rate': 6.441734522928275e-06, 'epoch': 2.04}
{'loss': 3.2934, 'grad_norm': 13.037012100219727, 'learning_rate': 6.052129193127363e-06, 'epoch': 2.1}
{'loss': 3.2049, 'grad_norm': 12.171432495117188, 'learning_rate': 5.662523863326451e-06, 'epoch': 2.15}
{'loss': 3.1949, 'grad_norm': 9.414507865905762, 'learning_rate': 5.272918533525539e-06, 'epoch': 2.21}
{'loss': 3.2264, 'grad_norm': 11.20522403717041, 'learning_rate': 4.883313203724627e-06, 'epoch': 2.27}
{'loss': 3.1754, 'grad_norm': 14.150274276733398, 'learning_rate': 4.493707873923716e-06, 'epoch': 2.33}
{'eval_evaluator': 1.2336768538261076, 'eval_runtime': 112.6388, 'eval_samples_per_second': 0.0, 'eval_steps_per_second': 0.0, 'epoch': 2.33}
{'loss': 3.1684, 'grad_norm': 16.340152740478516, 'learning_rate': 4.104102544122804e-06, 'epoch': 2.39}
{'loss': 3.1247, 'grad_norm': 12.120890617370605, 'learning_rate': 3.714497214321892e-06, 'epoch': 2.44}
{'loss': 3.1411, 'grad_norm': 11.674135208129883, 'learning_rate': 3.3248918845209802e-06, 'epoch': 2.5}
{'loss': 3.1475, 'grad_norm': 12.410316467285156, 'learning_rate': 2.935286554720069e-06, 'epoch': 2.56}
{'loss': 3.0922, 'grad_norm': 14.98063850402832, 'learning_rate': 2.545681224919157e-06, 'epoch': 2.62}
{'eval_evaluator': 1.2031836488552905, 'eval_runtime': 105.0814, 'eval_samples_per_second': 0.0, 'eval_steps_per_second': 0.0, 'epoch': 2.67}
{'loss': 3.1044, 'grad_norm': 14.955111503601074, 'learning_rate': 2.1560758951182453e-06, 'epoch': 2.68}
{'loss': 3.1072, 'grad_norm': 19.270116806030273, 'learning_rate': 1.7664705653173337e-06, 'epoch': 2.74}
{'loss': 3.1147, 'grad_norm': 12.3818941116333, 'learning_rate': 1.376865235516422e-06, 'epoch': 2.79}
{'loss': 3.0974, 'grad_norm': 13.468255043029785, 'learning_rate': 9.872599057155103e-07, 'epoch': 2.85}
{'loss': 3.1631, 'grad_norm': 14.800642967224121, 'learning_rate': 5.976545759145986e-07, 'epoch': 2.91}
{'loss': 3.1553, 'grad_norm': 12.5247163772583, 'learning_rate': 2.0804924611368686e-07, 'epoch': 2.97}
{'eval_evaluator': 1.2192065645796988, 'eval_runtime': 99.9441, 'eval_samples_per_second': 0.0, 'eval_steps_per_second': 0.0, 'epoch': 3.0}
{'train_runtime': 12179.0315, 'train_samples_per_second': 67.704, 'train_steps_per_second': 2.116, 'train_loss': 3.4567891628278704, 'epoch': 3.0}
=====saving embedding is completed=====
=====test set is loaded=====
=====Now evaluating retriever ...=====
